{"/Users/bello/Desktop/Demo/ziyu-front/packages/ziyu-vite-ui/src/button/JSXButton.tsx": {"path":"/Users/bello/Desktop/Demo/ziyu-front/packages/ziyu-vite-ui/src/button/JSXButton.tsx","statementMap":{"0":{"start":{"line":13,"column":21},"end":{"line":26,"column":1}},"1":{"start":{"line":28,"column":15},"end":{"line":59,"column":2}},"2":{"start":{"line":32,"column":4},"end":{"line":57,"column":null}},"3":{"start":{"line":32,"column":11},"end":{"line":55,"column":null}}},"fnMap":{"0":{"name":"(anonymous_0)","decl":{"start":{"line":31,"column":2},"end":{"line":31,"column":7}},"loc":{"start":{"line":31,"column":26},"end":{"line":58,"column":null}}},"1":{"name":"(anonymous_1)","decl":{"start":{"line":32,"column":11},"end":{"line":32,"column":null}},"loc":{"start":{"line":32,"column":11},"end":{"line":55,"column":null}}}},"branchMap":{"0":{"loc":{"start":{"line":39,"column":6},"end":{"line":39,"column":80}},"type":"cond-expr","locations":[{"start":{"line":39,"column":21},"end":{"line":39,"column":63}},{"start":{"line":39,"column":66},"end":{"line":39,"column":80}}]},"1":{"loc":{"start":{"line":41,"column":6},"end":{"line":43,"column":null}},"type":"cond-expr","locations":[{"start":{"line":42,"column":11},"end":{"line":42,"column":63}},{"start":{"line":43,"column":11},"end":{"line":43,"column":null}}]},"2":{"loc":{"start":{"line":47,"column":6},"end":{"line":49,"column":null}},"type":"cond-expr","locations":[{"start":{"line":48,"column":11},"end":{"line":48,"column":37}},{"start":{"line":49,"column":11},"end":{"line":49,"column":null}}]},"3":{"loc":{"start":{"line":54,"column":9},"end":{"line":54,"column":83}},"type":"cond-expr","locations":[{"start":{"line":54,"column":26},"end":{"line":54,"column":81}},{"start":{"line":54,"column":81},"end":{"line":54,"column":83}}]},"4":{"loc":{"start":{"line":55,"column":9},"end":{"line":55,"column":45}},"type":"cond-expr","locations":[{"start":{"line":55,"column":25},"end":{"line":55,"column":40}},{"start":{"line":55,"column":43},"end":{"line":55,"column":45}}]}},"s":{"0":1,"1":1,"2":3,"3":3},"f":{"0":3,"1":3},"b":{"0":[0,3],"1":[0,3],"2":[0,3],"3":[0,3],"4":[3,0]}}
}
