{"/Users/bello/Desktop/Demo/ziyu-front/packages/ziyu-vite-ui/src/button/SFCButton.vue": {"path":"/Users/bello/Desktop/Demo/ziyu-front/packages/ziyu-vite-ui/src/button/SFCButton.vue","statementMap":{"0":{"start":{"line":48,"column":15},"end":{"line":50,"column":null}},"1":{"start":{"line":30,"column":22},"end":{"line":44,"column":null}},"2":{"start":{"line":31,"column":42},"end":{"line":31,"column":null}},"3":{"start":{"line":32,"column":17},"end":{"line":32,"column":null}},"4":{"start":{"line":33,"column":2},"end":{"line":35,"column":null}},"5":{"start":{"line":34,"column":4},"end":{"line":34,"column":null}},"6":{"start":{"line":36,"column":18},"end":{"line":36,"column":null}},"7":{"start":{"line":37,"column":2},"end":{"line":37,"column":null}},"8":{"start":{"line":38,"column":2},"end":{"line":42,"column":null}},"9":{"start":{"line":39,"column":4},"end":{"line":39,"column":null}},"10":{"start":{"line":41,"column":4},"end":{"line":41,"column":null}},"11":{"start":{"line":43,"column":2},"end":{"line":43,"column":null}},"12":{"start":{"line":2,"column":2},"end":{"line":4,"column":13}}},"fnMap":{"0":{"name":"(anonymous_1)","decl":{"start":{"line":30,"column":31},"end":{"line":30,"column":37}},"loc":{"start":{"line":30,"column":37},"end":{"line":44,"column":1}}}},"branchMap":{"0":{"loc":{"start":{"line":33,"column":2},"end":{"line":35,"column":null}},"type":"if","locations":[{"start":{"line":33,"column":2},"end":{"line":35,"column":null}},{"start":{"line":33,"column":2},"end":{"line":35,"column":null}}]},"1":{"loc":{"start":{"line":38,"column":2},"end":{"line":42,"column":null}},"type":"if","locations":[{"start":{"line":38,"column":2},"end":{"line":42,"column":null}},{"start":{"line":40,"column":9},"end":{"line":42,"column":null}}]},"2":{"loc":{"start":{"line":3,"column":13},"end":{"line":3,"column":72}},"type":"cond-expr","locations":[{"start":{"line":3,"column":19},"end":{"line":3,"column":72}},{"start":{"line":3,"column":60},"end":{"line":3,"column":72}}]}},"s":{"0":1,"1":10,"2":10,"3":10,"4":10,"5":1,"6":10,"7":10,"8":10,"9":1,"10":9,"11":10,"12":10},"f":{"0":10},"b":{"0":[1,9],"1":[1,9],"2":[0,10]}}
,"/Users/bello/Desktop/Demo/ziyu-front/packages/ziyu-vite-ui/src/button/utils.ts": {"path":"/Users/bello/Desktop/Demo/ziyu-front/packages/ziyu-vite-ui/src/button/utils.ts","statementMap":{"0":{"start":{"line":3,"column":37},"end":{"line":7,"column":null}},"1":{"start":{"line":3,"column":72},"end":{"line":7,"column":null}}},"fnMap":{"0":{"name":"(anonymous_0)","decl":{"start":{"line":3,"column":37},"end":{"line":3,"column":72}},"loc":{"start":{"line":3,"column":72},"end":{"line":7,"column":null}}}},"branchMap":{},"s":{"0":1,"1":10},"f":{"0":10},"b":{}}
}
